<?xml version="1.0" encoding="UTF-8"?>
<!-- Generated by org.testng.reporters.JUnitReportReporter -->
<testsuite hostname="TYSS-Piyush-Baldaniya" failures="0" tests="1" name="config_annotations.OppTest" time="0.010" errors="0" timestamp="2025-09-28T13:06:12 IST" skipped="0">
  <testcase classname="config_annotations.OppTest" name="createOppTest" time="0.010"/>
</testsuite> <!-- config_annotations.OppTest -->
