<?xml version="1.0" encoding="UTF-8"?>
<!-- Generated by org.testng.reporters.JUnitReportReporter -->
<testsuite hostname="TYSS-Piyush-Baldaniya" failures="0" tests="5" name="advance_reports_extra.SauceDemo" time="7.523" errors="0" timestamp="2025-10-05T11:44:51 IST" skipped="0">
  <testcase classname="advance_reports_extra.SauceDemo" name="loginSauce" time="1.179"/>
  <testcase classname="advance_reports_extra.SauceDemo" name="loginSauce" time="0.446"/>
  <testcase classname="advance_reports_extra.SauceDemo" name="demoRep" time="0.032"/>
  <testcase classname="advance_reports_extra.SauceDemo" name="loginSauce" time="0.346"/>
  <testcase classname="advance_reports_extra.SauceDemo" name="loginSauce" time="5.520"/>
</testsuite> <!-- advance_reports_extra.SauceDemo -->
