<?xml version="1.0" encoding="UTF-8"?>
<!-- Generated by org.testng.reporters.JUnitReportReporter -->
<testsuite hostname="TYSS-Piyush-Baldaniya" failures="0" tests="1" name="organization.CreateOrgTest" time="57.427" errors="0" timestamp="2025-09-28T13:54:37 IST" skipped="0">
  <testcase classname="organization.CreateOrgTest" name="createOrganizationTest" time="57.427"/>
</testsuite> <!-- organization.CreateOrgTest -->
