<?xml version="1.0" encoding="UTF-8"?>
<!-- Generated by org.testng.reporters.JUnitReportReporter -->
<testsuite hostname="TYSS-Piyush-Baldaniya" failures="0" tests="1" name="advance_reports_extra.SauceDemo" time="1.623" errors="0" timestamp="2025-10-05T10:28:13 IST" skipped="0">
  <testcase classname="advance_reports_extra.SauceDemo" name="loginSauce" time="1.623"/>
</testsuite> <!-- advance_reports_extra.SauceDemo -->
