<?xml version="1.0" encoding="UTF-8"?>
<!-- Generated by org.testng.reporters.JUnitReportReporter -->
<testsuite hostname="TYSS-Piyush-Baldaniya" failures="0" tests="1" name="extra_assertion.WorkingWithHardAssert" time="0.015" errors="0" timestamp="2025-09-28T12:06:56 IST" skipped="0">
  <testcase classname="extra_assertion.WorkingWithHardAssert" name="case1" time="0.015"/>
</testsuite> <!-- extra_assertion.WorkingWithHardAssert -->
