<?xml version="1.0" encoding="UTF-8"?>
<!-- Generated by org.testng.reporters.JUnitReportReporter -->
<testsuite hostname="TYSS-Piyush-Baldaniya" failures="0" tests="4" name="testng_extra.Demo2" time="0.015" errors="0" timestamp="2025-09-21T13:12:42 IST" skipped="1">
  <testcase classname="testng_extra.Demo2" name="case2" time="0.003"/>
  <testcase classname="testng_extra.Demo2" name="case1" time="0.011"/>
  <testcase classname="testng_extra.Demo2" name="case1" time="0.001"/>
  <testcase classname="testng_extra.Demo2" name="case3">
    <skipped/>
  </testcase> <!-- case3 -->
</testsuite> <!-- testng_extra.Demo2 -->
