<?xml version="1.0" encoding="UTF-8"?>
<!-- Generated by org.testng.reporters.JUnitReportReporter -->
<testsuite hostname="TYSS-Piyush-Baldaniya" failures="0" tests="1" name="contact.CreateContactTest" time="15.551" errors="0" timestamp="2025-09-28T14:00:55 IST" skipped="0">
  <testcase classname="contact.CreateContactTest" name="createConTest" time="15.551"/>
</testsuite> <!-- contact.CreateContactTest -->
