<?xml version="1.0" encoding="UTF-8"?>
<!-- Generated by org.testng.reporters.JUnitReportReporter -->
<testsuite hostname="TYSS-Piyush-Baldaniya" failures="0" tests="15" name="testng_extra.TwoDimensionArray" time="30.468" errors="0" timestamp="2025-09-21T13:04:30 IST" skipped="0">
  <testcase classname="testng_extra.TwoDimensionArray" name="bulls" time="2.025"/>
  <testcase classname="testng_extra.TwoDimensionArray" name="bulls" time="2.025"/>
  <testcase classname="testng_extra.TwoDimensionArray" name="bulls" time="2.024"/>
  <testcase classname="testng_extra.TwoDimensionArray" name="bulls" time="2.041"/>
  <testcase classname="testng_extra.TwoDimensionArray" name="bulls" time="2.040"/>
  <testcase classname="testng_extra.TwoDimensionArray" name="bulls" time="2.041"/>
  <testcase classname="testng_extra.TwoDimensionArray" name="bulls" time="2.025"/>
  <testcase classname="testng_extra.TwoDimensionArray" name="bulls" time="2.024"/>
  <testcase classname="testng_extra.TwoDimensionArray" name="bulls" time="2.025"/>
  <testcase classname="testng_extra.TwoDimensionArray" name="bulls" time="2.025"/>
  <testcase classname="testng_extra.TwoDimensionArray" name="bulls" time="2.024"/>
  <testcase classname="testng_extra.TwoDimensionArray" name="bulls" time="2.025"/>
  <testcase classname="testng_extra.TwoDimensionArray" name="bulls" time="2.041"/>
  <testcase classname="testng_extra.TwoDimensionArray" name="bulls" time="2.041"/>
  <testcase classname="testng_extra.TwoDimensionArray" name="bulls" time="2.042"/>
</testsuite> <!-- testng_extra.TwoDimensionArray -->
