<?xml version="1.0" encoding="UTF-8"?>
<!-- Generated by org.testng.reporters.JUnitReportReporter -->
<testsuite hostname="TYSS-Piyush-Baldaniya" failures="0" tests="1" name="typesOfExecution.Demo2" time="7.878" errors="0" timestamp="2025-09-21T14:13:33 IST" skipped="0">
  <testcase classname="typesOfExecution.Demo2" name="case2" time="7.878"/>
</testsuite> <!-- typesOfExecution.Demo2 -->
