<?xml version="1.0" encoding="UTF-8"?>
<!-- Generated by org.testng.reporters.JUnitReportReporter -->
<testsuite hostname="TYSS-Piyush-Baldaniya" failures="0" tests="3" name="typesOfExecution.Demo1" time="23.235" errors="0" timestamp="2025-09-21T14:14:35 IST" skipped="0">
  <testcase classname="typesOfExecution.Demo1" name="case1" time="7.754"/>
  <testcase classname="typesOfExecution.Demo1" name="case1" time="7.727"/>
  <testcase classname="typesOfExecution.Demo1" name="case1" time="7.754"/>
</testsuite> <!-- typesOfExecution.Demo1 -->
