<?xml version="1.0" encoding="UTF-8"?>
<!-- Generated by org.testng.reporters.JUnitReportReporter -->
<testsuite hostname="TYSS-Piyush-Baldaniya" failures="0" tests="3" name="testng_extra.Demo2" time="0.019" errors="0" timestamp="2025-09-14T14:33:10 IST" skipped="0">
  <testcase classname="testng_extra.Demo2" name="case2" time="0.002">
    <system-out>
      <![CDATA[Hey case 2]]>
    </system-out>
  </testcase> <!-- case2 -->
  <testcase classname="testng_extra.Demo2" name="case1" time="0.013">
    <system-out>
      <![CDATA[Hey case 1]]>
    </system-out>
  </testcase> <!-- case1 -->
  <testcase classname="testng_extra.Demo2" name="case3" time="0.004">
    <system-out>
      <![CDATA[Hey case 3]]>
    </system-out>
  </testcase> <!-- case3 -->
  <system-out>
    <![CDATA[Hey case 1
Hey case 2
Hey case 3]]>
  </system-out>
</testsuite> <!-- testng_extra.Demo2 -->
