<?xml version="1.0" encoding="UTF-8"?>
<!-- Generated by org.testng.reporters.JUnitReportReporter -->
<testsuite hostname="TYSS-Piyush-Baldaniya" failures="0" tests="1" name="config_annotations.OrgTest" time="0.010" errors="0" timestamp="2025-09-28T13:08:06 IST" skipped="0">
  <testcase classname="config_annotations.OrgTest" name="createOrgTest" time="0.010"/>
</testsuite> <!-- config_annotations.OrgTest -->
