<?xml version="1.0" encoding="UTF-8"?>
<!-- Generated by org.testng.reporters.JUnitReportReporter -->
<testsuite hostname="TYSS-Piyush-Baldaniya" failures="0" tests="3" name="config_annotations.LeadsTest" time="0.018" errors="0" timestamp="2025-09-28T13:30:46 IST" skipped="0">
  <testcase classname="config_annotations.LeadsTest" name="modifyLeadsTest" time="0.005"/>
  <testcase classname="config_annotations.LeadsTest" name="createLeadsTest" time="0.008"/>
  <testcase classname="config_annotations.LeadsTest" name="deleteLeadsTest" time="0.005"/>
</testsuite> <!-- config_annotations.LeadsTest -->
