<?xml version="1.0" encoding="UTF-8"?>
<!-- Generated by org.testng.reporters.JUnitReportReporter -->
<testsuite hostname="TYSS-Piyush-Baldaniya" failures="0" tests="2" name="testng_extra.Demo4" time="0.014" errors="0" timestamp="2025-09-28T10:59:14 IST" skipped="0">
  <testcase classname="testng_extra.Demo4" name="case42" time="0.013"/>
  <testcase classname="testng_extra.Demo4" name="case43" time="0.001"/>
</testsuite> <!-- testng_extra.Demo4 -->
