<?xml version="1.0" encoding="UTF-8"?>
<!-- Generated by org.testng.reporters.JUnitReportReporter -->
<testsuite hostname="TYSS-Piyush-Baldaniya" failures="0" tests="1" name="testng_extra.Demo8" time="7.410" errors="0" timestamp="2025-09-28T11:33:57 IST" skipped="0">
  <testcase classname="testng_extra.Demo8" name="login" time="7.410"/>
</testsuite> <!-- testng_extra.Demo8 -->
