<?xml version="1.0" encoding="UTF-8"?>
<!-- Generated by org.testng.reporters.JUnitReportReporter -->
<testsuite hostname="TYSS-Piyush-Baldaniya" failures="0" tests="1" name="listeners_extra.Demo1Test" time="1.171" errors="0" timestamp="2025-10-11T19:00:10 IST" skipped="0">
  <testcase classname="listeners_extra.Demo1Test" name="case2" time="1.171"/>
</testsuite> <!-- listeners_extra.Demo1Test -->
