<?xml version="1.0" encoding="UTF-8"?>
<!-- Generated by org.testng.reporters.JUnitReportReporter -->
<testsuite hostname="TYSS-Piyush-Baldaniya" failures="0" tests="1" name="typesOfExecution.Demo3" time="7.989" errors="0" timestamp="2025-09-21T14:13:33 IST" skipped="0">
  <testcase classname="typesOfExecution.Demo3" name="case3" time="7.989"/>
</testsuite> <!-- typesOfExecution.Demo3 -->
