<?xml version="1.0" encoding="UTF-8"?>
<!-- Generated by org.testng.reporters.JUnitReportReporter -->
<testsuite hostname="TYSS-Piyush-Baldaniya" failures="0" tests="3" name="testng_extra.Demo1" time="0.012" errors="0" timestamp="2025-09-21T12:17:25 IST" skipped="0">
  <testcase classname="testng_extra.Demo1" name="delete" time="0.002"/>
  <testcase classname="testng_extra.Demo1" name="delete" time="0.009"/>
  <testcase classname="testng_extra.Demo1" name="delete" time="0.001"/>
</testsuite> <!-- testng_extra.Demo1 -->
