<?xml version="1.0" encoding="UTF-8"?>
<!-- Generated by org.testng.reporters.JUnitReportReporter -->
<testsuite hostname="TYSS-Piyush-Baldaniya" failures="0" tests="2" name="testng_extra.Demo1" time="0.014" errors="0" timestamp="2025-09-14T14:30:21 IST" skipped="0">
  <testcase classname="testng_extra.Demo1" name="case2" time="0.003">
    <system-out>
      <![CDATA[Hey case 2]]>
    </system-out>
  </testcase> <!-- case2 -->
  <testcase classname="testng_extra.Demo1" name="case1" time="0.011">
    <system-out>
      <![CDATA[Hey case 1]]>
    </system-out>
  </testcase> <!-- case1 -->
  <system-out>
    <![CDATA[Hey case 1
Hey case 2]]>
  </system-out>
</testsuite> <!-- testng_extra.Demo1 -->
