<?xml version="1.0" encoding="UTF-8"?>
<!-- Generated by org.testng.reporters.JUnitReportReporter -->
<testsuite hostname="TYSS-Piyush-Baldaniya" failures="0" tests="1" name="testng_extra.Demo5" time="0.012" errors="0" timestamp="2025-09-28T11:13:11 IST" skipped="0">
  <testcase classname="testng_extra.Demo5" name="login" time="0.012"/>
</testsuite> <!-- testng_extra.Demo5 -->
