<?xml version="1.0" encoding="UTF-8"?>
<!-- Generated by org.testng.reporters.JUnitReportReporter -->
<testsuite hostname="TYSS-Piyush-Baldaniya" failures="0" tests="3" name="testng_extra.TwoDimensionArray" time="10.891" errors="0" timestamp="2025-09-21T12:45:21 IST" skipped="0">
  <testcase classname="testng_extra.TwoDimensionArray" name="fbLogin" time="3.305"/>
  <testcase classname="testng_extra.TwoDimensionArray" name="fbLogin" time="4.110"/>
  <testcase classname="testng_extra.TwoDimensionArray" name="fbLogin" time="3.476"/>
</testsuite> <!-- testng_extra.TwoDimensionArray -->
